Using pre-set license

 COMMAND LINE ARGUMENTS:
/Applications/Unity/Hub/Editor/2021.1.0b2/Unity.app/Contents/MacOS/Unity
-adb2
-batchMode
-noUpm
-name
AssetImportWorker0
-projectPath
/Users/jaimito/Github/BOOM
-logFile
Logs/AssetImportWorker0.log
-srvPort
57004
Successfully changed project path to: /Users/jaimito/Github/BOOM
/Users/jaimito/Github/BOOM
Using Asset Import Pipeline V2.
Refreshing native plugins compatible for Editor in 93.88 ms, found 1 plugins.
Preloading 0 native plugins for Editor in 0.00 ms.
Initialize engine version: 2021.1.0b2 (1e651ea6a5c1)
[Subsystems] Discovering subsystems at path /Applications/Unity/Hub/Editor/2021.1.0b2/Unity.app/Contents/Resources/UnitySubsystems
[Subsystems] Discovering subsystems at path /Users/jaimito/Github/BOOM/Assets
GfxDevice: creating device client; threaded=0; jobified=0
2021-02-22 16:05:54.435 Unity[23916:916178] Color LCD preferred device: Intel(R) Iris(TM) Graphics 6100 (low power)
2021-02-22 16:05:54.435 Unity[23916:916178] Metal devices available: 1
2021-02-22 16:05:54.435 Unity[23916:916178] 0: Intel(R) Iris(TM) Graphics 6100 (low power)
2021-02-22 16:05:54.435 Unity[23916:916178] Using device Intel(R) Iris(TM) Graphics 6100 (low power)
Initializing Metal device caps: Intel(R) Iris(TM) Graphics 6100
Initialize mono
Mono path[0] = '/Applications/Unity/Hub/Editor/2021.1.0b2/Unity.app/Contents/Managed'
Mono path[1] = '/Applications/Unity/Hub/Editor/2021.1.0b2/Unity.app/Contents/MonoBleedingEdge/lib/mono/unityjit'
Mono config path = '/Applications/Unity/Hub/Editor/2021.1.0b2/Unity.app/Contents/MonoBleedingEdge/etc'
Using monoOptions --debugger-agent=transport=dt_socket,embedding=1,server=y,suspend=n,address=127.0.0.1:56916
Begin MonoManager ReloadAssembly
Registering precompiled unity dll's ...
Register platform support module: /Applications/Unity/Hub/Editor/2021.1.0b2/PlaybackEngines/WebGLSupport/UnityEditor.WebGL.Extensions.dll
Register platform support module: /Applications/Unity/Hub/Editor/2021.1.0b2/Unity.app/Contents/PlaybackEngines/MacStandaloneSupport/UnityEditor.OSXStandalone.Extensions.dll
Register platform support module: /Applications/Unity/Hub/Editor/2021.1.0b2/PlaybackEngines/WindowsStandaloneSupport/UnityEditor.WindowsStandalone.Extensions.dll
Register platform support module: /Applications/Unity/Hub/Editor/2021.1.0b2/PlaybackEngines/LinuxStandaloneSupport/UnityEditor.LinuxStandalone.Extensions.dll
Registered in 0.004528 seconds.
Native extension for LinuxStandalone target not found
Native extension for WindowsStandalone target not found
Native extension for OSXStandalone target not found
Native extension for WebGL target not found
Refreshing native plugins compatible for Editor in 44.14 ms, found 1 plugins.
Preloading 0 native plugins for Editor in 0.00 ms.
Mono: successfully reloaded assembly
- Completed reload, in  6.056 seconds
Platform modules already initialized, skipping
Registering precompiled user dll's ...
Registered in 0.003879 seconds.
Begin MonoManager ReloadAssembly
Native extension for LinuxStandalone target not found
Native extension for WindowsStandalone target not found
Native extension for OSXStandalone target not found
Native extension for WebGL target not found
Refreshing native plugins compatible for Editor in 0.51 ms, found 1 plugins.
Preloading 0 native plugins for Editor in 0.00 ms.
Mono: successfully reloaded assembly
- Completed reload, in  1.834 seconds
Platform modules already initialized, skipping
========================================================================
Worker process is ready to serve import requests
Launching external process: /Applications/Unity/Hub/Editor/2021.1.0b2/Unity.app/Contents/Tools/UnityShaderCompiler
Launched and connected shader compiler UnityShaderCompiler after 0.06 seconds
Refreshing native plugins compatible for Editor in 0.47 ms, found 1 plugins.
Preloading 0 native plugins for Editor in 0.00 ms.
Unloading 1447 Unused Serialized files (Serialized files now loaded: 0)
System memory in use before: 266.8 MB.
System memory in use after: 266.8 MB.

Unloading 34 unused Assets to reduce memory usage. Loaded Objects now: 1896.
Total: 3.502966 ms (FindLiveObjects: 0.267684 ms CreateObjectMapping: 0.092412 ms MarkObjects: 3.022637 ms  DeleteObjects: 0.118900 ms)

========================================================================
Received Import Request.
  path: Assets/_Scenes/LevelSettings.lighting
  artifactKey: Guid(9926967c2dfcb4894a16361dba5bc129) Importer(815301076,1909f56bfc062723c751e8b465ee728b)
Start importing Assets/_Scenes/LevelSettings.lighting using Guid(9926967c2dfcb4894a16361dba5bc129) Importer(815301076,1909f56bfc062723c751e8b465ee728b)  -> (artifact id: 'af9658555d1f1548fd4a0f3f40d5eaa5') in 1.596474 seconds 
========================================================================
Received Import Request.
  Time since last request: 0.059502 seconds.
  path: Assets/_Scenes/MainMenu.unity
  artifactKey: Guid(10b8b93472c9d424ca4c008931ec94bb) Importer(815301076,1909f56bfc062723c751e8b465ee728b)
Start importing Assets/_Scenes/MainMenu.unity using Guid(10b8b93472c9d424ca4c008931ec94bb) Importer(815301076,1909f56bfc062723c751e8b465ee728b)  -> (artifact id: 'a71cd8713f998c7821a4552d147d6ba3') in 0.014093 seconds 
========================================================================
Received Import Request.
  Time since last request: 0.104323 seconds.
  path: Assets/_Scenes/Level.unity
  artifactKey: Guid(358a4307f93104dd98ae5c6c9eb1be74) Importer(815301076,1909f56bfc062723c751e8b465ee728b)
Start importing Assets/_Scenes/Level.unity using Guid(358a4307f93104dd98ae5c6c9eb1be74) Importer(815301076,1909f56bfc062723c751e8b465ee728b)  -> (artifact id: '2957d46c6b1a56f4439bf5accef30772') in 0.002845 seconds 
========================================================================
Received Prepare
Registering precompiled user dll's ...
Registered in 0.003608 seconds.
Begin MonoManager ReloadAssembly
Native extension for LinuxStandalone target not found
Native extension for WindowsStandalone target not found
Native extension for OSXStandalone target not found
Native extension for WebGL target not found
Refreshing native plugins compatible for Editor in 0.50 ms, found 1 plugins.
Preloading 0 native plugins for Editor in 0.00 ms.
Mono: successfully reloaded assembly
- Completed reload, in  1.857 seconds
Platform modules already initialized, skipping
Switching build target platform(2) subTarget(0) extendedPlatform(0) -> platform(13) subTarget(537395200) extendedPlatform(0)
Refreshing native plugins compatible for Editor in 0.48 ms, found 1 plugins.
Preloading 0 native plugins for Editor in 0.00 ms.
Unloading 1409 Unused Serialized files (Serialized files now loaded: 0)
System memory in use before: 267.4 MB.
System memory in use after: 267.5 MB.

Unloading 26 unused Assets to reduce memory usage. Loaded Objects now: 1898.
Total: 2.653220 ms (FindLiveObjects: 0.312023 ms CreateObjectMapping: 0.057391 ms MarkObjects: 2.212367 ms  DeleteObjects: 0.070185 ms)

AssetImportParameters requested are different than current active one (requested -> active):
  custom:graphics/normal-map-encoding: 01000000000000000000000000000000 -> 02000000000000000000000000000000
========================================================================
Received Prepare
Registering precompiled user dll's ...
Registered in 0.001737 seconds.
Begin MonoManager ReloadAssembly
Native extension for LinuxStandalone target not found
Native extension for WindowsStandalone target not found
Native extension for OSXStandalone target not found
Native extension for WebGL target not found
Refreshing native plugins compatible for Editor in 0.53 ms, found 1 plugins.
Preloading 0 native plugins for Editor in 0.00 ms.
Mono: successfully reloaded assembly
- Completed reload, in  1.612 seconds
Platform modules already initialized, skipping
Switching build target platform(2) subTarget(0) extendedPlatform(0) -> platform(9) subTarget(16777218) extendedPlatform(0)
Refreshing native plugins compatible for Editor in 1.26 ms, found 1 plugins.
Preloading 0 native plugins for Editor in 0.00 ms.
Unloading 1409 Unused Serialized files (Serialized files now loaded: 0)
System memory in use before: 268.2 MB.
System memory in use after: 268.3 MB.

Unloading 26 unused Assets to reduce memory usage. Loaded Objects now: 1900.
Total: 5.522066 ms (FindLiveObjects: 0.342818 ms CreateObjectMapping: 0.169051 ms MarkObjects: 4.869549 ms  DeleteObjects: 0.137305 ms)

AssetImportParameters requested are different than current active one (requested -> active):
  custom:graphics/normal-map-encoding: 01000000000000000000000000000000 -> 02000000000000000000000000000000
========================================================================
Received Prepare
Refreshing native plugins compatible for Editor in 3.84 ms, found 1 plugins.
Preloading 0 native plugins for Editor in 0.00 ms.
Unloading 24 Unused Serialized files (Serialized files now loaded: 0)
System memory in use before: 242.5 MB.
System memory in use after: 242.5 MB.

Unloading 24 unused Assets to reduce memory usage. Loaded Objects now: 1900.
Total: 2.493673 ms (FindLiveObjects: 0.215433 ms CreateObjectMapping: 0.059469 ms MarkObjects: 2.139090 ms  DeleteObjects: 0.075047 ms)

========================================================================
Received Import Request.
  Time since last request: 5834.894971 seconds.
  path: Assets/Art/Sprites/Botones/Romboide.png
  artifactKey: Guid(41a5cc25801d048c3be36e6d2edc5d4e) Importer(815301076,1909f56bfc062723c751e8b465ee728b)
Start importing Assets/Art/Sprites/Botones/Romboide.png using Guid(41a5cc25801d048c3be36e6d2edc5d4e) Importer(815301076,1909f56bfc062723c751e8b465ee728b)  -> (artifact id: '1b1d20f5cd8daa93cc2fd46f7d54b957') in 2.903481 seconds 
========================================================================
Received Prepare
Registering precompiled user dll's ...
Registered in 0.004752 seconds.
Begin MonoManager ReloadAssembly
Native extension for LinuxStandalone target not found
Native extension for WindowsStandalone target not found
Native extension for OSXStandalone target not found
Native extension for WebGL target not found
Refreshing native plugins compatible for Editor in 0.55 ms, found 1 plugins.
Preloading 0 native plugins for Editor in 0.00 ms.
Mono: successfully reloaded assembly
- Completed reload, in  1.659 seconds
Platform modules already initialized, skipping
Switching build target platform(2) subTarget(0) extendedPlatform(0) -> platform(9) subTarget(16777218) extendedPlatform(0)
Refreshing native plugins compatible for Editor in 0.57 ms, found 1 plugins.
Preloading 0 native plugins for Editor in 0.00 ms.
Unloading 1410 Unused Serialized files (Serialized files now loaded: 0)
System memory in use before: 281.1 MB.
System memory in use after: 281.1 MB.

Unloading 26 unused Assets to reduce memory usage. Loaded Objects now: 1923.
Total: 5.395825 ms (FindLiveObjects: 0.282856 ms CreateObjectMapping: 0.058008 ms MarkObjects: 4.916397 ms  DeleteObjects: 0.136704 ms)

AssetImportParameters requested are different than current active one (requested -> active):
  custom:graphics/normal-map-encoding: 01000000000000000000000000000000 -> 02000000000000000000000000000000
========================================================================
Received Import Request.
  Time since last request: 875.027185 seconds.
  path: Assets/_Scenes/MainMenu.unity
  artifactKey: Guid(10b8b93472c9d424ca4c008931ec94bb) Importer(815301076,1909f56bfc062723c751e8b465ee728b)
Start importing Assets/_Scenes/MainMenu.unity using Guid(10b8b93472c9d424ca4c008931ec94bb) Importer(815301076,1909f56bfc062723c751e8b465ee728b)  -> (artifact id: 'bdea7331d68bb1dbe7c31050675ab0f4') in 0.043418 seconds 
========================================================================
Received Prepare
Registering precompiled user dll's ...
Registered in 0.004358 seconds.
Begin MonoManager ReloadAssembly
Native extension for LinuxStandalone target not found
Native extension for WindowsStandalone target not found
Native extension for OSXStandalone target not found
Native extension for WebGL target not found
Refreshing native plugins compatible for Editor in 0.52 ms, found 1 plugins.
Preloading 0 native plugins for Editor in 0.00 ms.
Mono: successfully reloaded assembly
- Completed reload, in  1.784 seconds
Platform modules already initialized, skipping
Switching build target platform(2) subTarget(0) extendedPlatform(0) -> platform(9) subTarget(16777218) extendedPlatform(0)
Refreshing native plugins compatible for Editor in 0.90 ms, found 1 plugins.
Preloading 0 native plugins for Editor in 0.00 ms.
Unloading 1409 Unused Serialized files (Serialized files now loaded: 0)
System memory in use before: 281.5 MB.
System memory in use after: 281.5 MB.

Unloading 26 unused Assets to reduce memory usage. Loaded Objects now: 1925.
Total: 3.396784 ms (FindLiveObjects: 0.272901 ms CreateObjectMapping: 0.098923 ms MarkObjects: 2.961760 ms  DeleteObjects: 0.060875 ms)

AssetImportParameters requested are different than current active one (requested -> active):
  custom:graphics/normal-map-encoding: 01000000000000000000000000000000 -> 02000000000000000000000000000000
========================================================================
Received Import Request.
  Time since last request: 775.188412 seconds.
  path: Assets/_Scenes/MainMenu.unity
  artifactKey: Guid(10b8b93472c9d424ca4c008931ec94bb) Importer(815301076,1909f56bfc062723c751e8b465ee728b)
Start importing Assets/_Scenes/MainMenu.unity using Guid(10b8b93472c9d424ca4c008931ec94bb) Importer(815301076,1909f56bfc062723c751e8b465ee728b)  -> (artifact id: '48b7cdf42bf261330a3f69c429c05dd6') in 0.071473 seconds 
========================================================================
Received Import Request.
  Time since last request: 4.957743 seconds.
  path: Assets/_Scenes/Intro.unity
  artifactKey: Guid(48b8f478151b543baa72a33a55a722fd) Importer(815301076,1909f56bfc062723c751e8b465ee728b)
Start importing Assets/_Scenes/Intro.unity using Guid(48b8f478151b543baa72a33a55a722fd) Importer(815301076,1909f56bfc062723c751e8b465ee728b)  -> (artifact id: '035e576cb8c4f8c1767f05df92a0630c') in 0.020923 seconds 
========================================================================
Received Import Request.
  Time since last request: 3.169316 seconds.
  path: Assets/_Scenes/About.unity
  artifactKey: Guid(7884701159f8541079e8b5d6a7ac3b2a) Importer(815301076,1909f56bfc062723c751e8b465ee728b)
Start importing Assets/_Scenes/About.unity using Guid(7884701159f8541079e8b5d6a7ac3b2a) Importer(815301076,1909f56bfc062723c751e8b465ee728b)  -> (artifact id: 'f3fd952ce7915cae25d4e9a3843f9f4b') in 0.014619 seconds 
========================================================================
Received Prepare
Registering precompiled user dll's ...
Registered in 0.001696 seconds.
Begin MonoManager ReloadAssembly
Native extension for LinuxStandalone target not found
Native extension for WindowsStandalone target not found
Native extension for OSXStandalone target not found
Native extension for WebGL target not found
Refreshing native plugins compatible for Editor in 0.49 ms, found 1 plugins.
Preloading 0 native plugins for Editor in 0.00 ms.
Mono: successfully reloaded assembly
- Completed reload, in  2.293 seconds
Platform modules already initialized, skipping
Switching build target platform(2) subTarget(0) extendedPlatform(0) -> platform(9) subTarget(16777218) extendedPlatform(0)
Refreshing native plugins compatible for Editor in 1.06 ms, found 1 plugins.
Preloading 0 native plugins for Editor in 0.00 ms.
Unloading 1409 Unused Serialized files (Serialized files now loaded: 0)
System memory in use before: 281.9 MB.
System memory in use after: 281.9 MB.

Unloading 26 unused Assets to reduce memory usage. Loaded Objects now: 1927.
Total: 6.315327 ms (FindLiveObjects: 0.402651 ms CreateObjectMapping: 0.142083 ms MarkObjects: 5.489076 ms  DeleteObjects: 0.277530 ms)

AssetImportParameters requested are different than current active one (requested -> active):
  custom:graphics/normal-map-encoding: 01000000000000000000000000000000 -> 02000000000000000000000000000000
========================================================================
Received Prepare
Registering precompiled user dll's ...
Registered in 0.004481 seconds.
Begin MonoManager ReloadAssembly
Native extension for LinuxStandalone target not found
Native extension for WindowsStandalone target not found
Native extension for OSXStandalone target not found
Native extension for WebGL target not found
Refreshing native plugins compatible for Editor in 0.48 ms, found 1 plugins.
Preloading 0 native plugins for Editor in 0.00 ms.
Mono: successfully reloaded assembly
- Completed reload, in  1.626 seconds
Platform modules already initialized, skipping
Switching build target platform(2) subTarget(0) extendedPlatform(0) -> platform(9) subTarget(16777218) extendedPlatform(0)
Refreshing native plugins compatible for Editor in 0.48 ms, found 1 plugins.
Preloading 0 native plugins for Editor in 0.00 ms.
Unloading 1409 Unused Serialized files (Serialized files now loaded: 0)
System memory in use before: 282.3 MB.
System memory in use after: 282.3 MB.

Unloading 26 unused Assets to reduce memory usage. Loaded Objects now: 1929.
Total: 2.632070 ms (FindLiveObjects: 0.261703 ms CreateObjectMapping: 0.051905 ms MarkObjects: 2.262179 ms  DeleteObjects: 0.053157 ms)

AssetImportParameters requested are different than current active one (requested -> active):
  custom:graphics/normal-map-encoding: 01000000000000000000000000000000 -> 02000000000000000000000000000000
========================================================================
Received Prepare
Registering precompiled user dll's ...
Registered in 0.001885 seconds.
Begin MonoManager ReloadAssembly
Native extension for LinuxStandalone target not found
Native extension for WindowsStandalone target not found
Native extension for OSXStandalone target not found
Native extension for WebGL target not found
Refreshing native plugins compatible for Editor in 0.56 ms, found 1 plugins.
Preloading 0 native plugins for Editor in 0.00 ms.
Mono: successfully reloaded assembly
- Completed reload, in  3.083 seconds
Platform modules already initialized, skipping
Switching build target platform(2) subTarget(0) extendedPlatform(0) -> platform(9) subTarget(16777218) extendedPlatform(0)
Refreshing native plugins compatible for Editor in 0.47 ms, found 1 plugins.
Preloading 0 native plugins for Editor in 0.00 ms.
Unloading 1409 Unused Serialized files (Serialized files now loaded: 0)
System memory in use before: 282.7 MB.
System memory in use after: 282.7 MB.

Unloading 26 unused Assets to reduce memory usage. Loaded Objects now: 1931.
Total: 2.228976 ms (FindLiveObjects: 0.258101 ms CreateObjectMapping: 0.058342 ms MarkObjects: 1.856899 ms  DeleteObjects: 0.054170 ms)

AssetImportParameters requested are different than current active one (requested -> active):
  custom:graphics/normal-map-encoding: 01000000000000000000000000000000 -> 02000000000000000000000000000000
========================================================================
Received Prepare
Registering precompiled user dll's ...
Registered in 0.001426 seconds.
Begin MonoManager ReloadAssembly
Native extension for LinuxStandalone target not found
Native extension for WindowsStandalone target not found
Native extension for OSXStandalone target not found
Native extension for WebGL target not found
Refreshing native plugins compatible for Editor in 25.06 ms, found 1 plugins.
Preloading 0 native plugins for Editor in 0.00 ms.
Mono: successfully reloaded assembly
- Completed reload, in  3.971 seconds
Platform modules already initialized, skipping
Switching build target platform(2) subTarget(0) extendedPlatform(0) -> platform(9) subTarget(16777218) extendedPlatform(0)
Refreshing native plugins compatible for Editor in 1.13 ms, found 1 plugins.
Preloading 0 native plugins for Editor in 0.00 ms.
Unloading 1409 Unused Serialized files (Serialized files now loaded: 0)
System memory in use before: 282.0 MB.
System memory in use after: 282.1 MB.

Unloading 26 unused Assets to reduce memory usage. Loaded Objects now: 1933.
Total: 2.267243 ms (FindLiveObjects: 0.227243 ms CreateObjectMapping: 0.054898 ms MarkObjects: 1.915790 ms  DeleteObjects: 0.067658 ms)

AssetImportParameters requested are different than current active one (requested -> active):
  custom:graphics/normal-map-encoding: 01000000000000000000000000000000 -> 02000000000000000000000000000000
========================================================================
Received Import Request.
  Time since last request: 1575.956516 seconds.
  path: Assets/_Scenes/Level.unity
  artifactKey: Guid(358a4307f93104dd98ae5c6c9eb1be74) Importer(815301076,1909f56bfc062723c751e8b465ee728b)
Start importing Assets/_Scenes/Level.unity using Guid(358a4307f93104dd98ae5c6c9eb1be74) Importer(815301076,1909f56bfc062723c751e8b465ee728b)  -> (artifact id: '1290dd3bd01dbed41a74f95dd1063fdb') in 0.022338 seconds 
========================================================================
Received Prepare
Registering precompiled user dll's ...
Registered in 0.001542 seconds.
Begin MonoManager ReloadAssembly
Native extension for LinuxStandalone target not found
Native extension for WindowsStandalone target not found
Native extension for OSXStandalone target not found
Native extension for WebGL target not found
Refreshing native plugins compatible for Editor in 0.53 ms, found 1 plugins.
Preloading 0 native plugins for Editor in 0.00 ms.
Mono: successfully reloaded assembly
- Completed reload, in  1.720 seconds
Platform modules already initialized, skipping
Switching build target platform(2) subTarget(0) extendedPlatform(0) -> platform(9) subTarget(16777218) extendedPlatform(0)
Refreshing native plugins compatible for Editor in 0.57 ms, found 1 plugins.
Preloading 0 native plugins for Editor in 0.00 ms.
Unloading 1409 Unused Serialized files (Serialized files now loaded: 0)
System memory in use before: 282.4 MB.
System memory in use after: 282.5 MB.

Unloading 26 unused Assets to reduce memory usage. Loaded Objects now: 1935.
Total: 2.310903 ms (FindLiveObjects: 0.228254 ms CreateObjectMapping: 0.062082 ms MarkObjects: 1.956925 ms  DeleteObjects: 0.061857 ms)

AssetImportParameters requested are different than current active one (requested -> active):
  custom:graphics/normal-map-encoding: 01000000000000000000000000000000 -> 02000000000000000000000000000000
========================================================================
Received Prepare
Registering precompiled user dll's ...
Registered in 0.004520 seconds.
Begin MonoManager ReloadAssembly
Native extension for LinuxStandalone target not found
Native extension for WindowsStandalone target not found
Native extension for OSXStandalone target not found
Native extension for WebGL target not found
Refreshing native plugins compatible for Editor in 0.51 ms, found 1 plugins.
Preloading 0 native plugins for Editor in 0.00 ms.
Mono: successfully reloaded assembly
- Completed reload, in  1.475 seconds
Platform modules already initialized, skipping
Switching build target platform(2) subTarget(0) extendedPlatform(0) -> platform(9) subTarget(16777218) extendedPlatform(0)
Refreshing native plugins compatible for Editor in 0.55 ms, found 1 plugins.
Preloading 0 native plugins for Editor in 0.00 ms.
Unloading 1409 Unused Serialized files (Serialized files now loaded: 0)
System memory in use before: 282.8 MB.
System memory in use after: 282.9 MB.

Unloading 26 unused Assets to reduce memory usage. Loaded Objects now: 1937.
Total: 2.585142 ms (FindLiveObjects: 0.226169 ms CreateObjectMapping: 0.077746 ms MarkObjects: 2.226640 ms  DeleteObjects: 0.053111 ms)

AssetImportParameters requested are different than current active one (requested -> active):
  custom:graphics/normal-map-encoding: 01000000000000000000000000000000 -> 02000000000000000000000000000000
========================================================================
Received Prepare
Registering precompiled user dll's ...
Registered in 0.016927 seconds.
Begin MonoManager ReloadAssembly
Native extension for LinuxStandalone target not found
Native extension for WindowsStandalone target not found
Native extension for OSXStandalone target not found
Native extension for WebGL target not found
Refreshing native plugins compatible for Editor in 1.09 ms, found 1 plugins.
Preloading 0 native plugins for Editor in 0.00 ms.
Mono: successfully reloaded assembly
- Completed reload, in  1.564 seconds
Platform modules already initialized, skipping
Switching build target platform(2) subTarget(0) extendedPlatform(0) -> platform(9) subTarget(16777218) extendedPlatform(0)
Refreshing native plugins compatible for Editor in 0.52 ms, found 1 plugins.
Preloading 0 native plugins for Editor in 0.00 ms.
Unloading 1409 Unused Serialized files (Serialized files now loaded: 0)
System memory in use before: 283.2 MB.
System memory in use after: 283.3 MB.

Unloading 26 unused Assets to reduce memory usage. Loaded Objects now: 1939.
Total: 2.530031 ms (FindLiveObjects: 0.226565 ms CreateObjectMapping: 0.051993 ms MarkObjects: 2.194352 ms  DeleteObjects: 0.055048 ms)

AssetImportParameters requested are different than current active one (requested -> active):
  custom:graphics/normal-map-encoding: 01000000000000000000000000000000 -> 02000000000000000000000000000000
